Arguments: 
  /usr/local/bin/node /usr/local/bin/yarn add babel-plugin-dva-hmr --save-dev

PATH: 
  /usr/local/bin:/usr/bin:/bin:/usr/sbin:/sbin:/usr/local/go/bin

Yarn version: 
  1.3.2

Node version: 
  8.9.1

Platform: 
  darwin x64

npm manifest: 
  {
    "private": true,
    "scripts": {
      "start": "JIMI_ENV=dev umi dev",
      "build": "JIMI_ENV=pro umi build",
      "lint": "eslint --ext .js src test",
      "precommit": "npm run lint"
    },
    "dependencies": {
      "react-transition-group": "^2.3.1",
      "transform-runtime": "^0.0.0",
      "umi": "^1.0.0-0",
      "umi-plugin-dva": "^0.1.5"
    },
    "devDependencies": {
      "eslint": "^4.14.0",
      "eslint-config-umi": "^0.1.1",
      "eslint-plugin-flowtype": "^2.34.1",
      "eslint-plugin-import": "^2.6.0",
      "eslint-plugin-jsx-a11y": "^5.1.1",
      "eslint-plugin-react": "^7.1.0",
      "husky": "^0.12.0",
      "umi-plugin-routes": "^0.1.2"
    }
  }

yarn manifest: 
  No manifest

Lockfile: 
  No lockfile

Trace: 
  Error: EINVAL: invalid argument, unlink '/Users/mac/Desktop/workspace/JIMI/BI-opration/node_modules/@babel/traverse/node_modules/babylon'
